<?xml version="1.0" encoding="UTF-8"?>
<!-- Generated by org.testng.reporters.JUnitXMLReporter -->
<testsuite hostname="MININT-8IR53KS" ignored="0" name="Test" tests="3" failures="0" timestamp="26 Apr 2021 11:58:34 GMT" time="70.321" errors="0">
  <testcase name="@BeforeMethod setUp" time="0.188" classname="com.automation.base.BaseTest">
    <failure type="java.lang.IllegalStateException" message="The driver executable does not exist: D:\HP_Laptop_Data_BackUp\SeleniumWS\SeleniumWebAutomationFramework\src\test\resources\executables\geckodriver.exe">
        <![CDATA[java.lang.IllegalStateException: The driver executable does not exist: D:\HP_Laptop_Data_BackUp\SeleniumWS\SeleniumWebAutomationFramework\src\test\resources\executables\geckodriver.exe
at com.google.common.base.Preconditions.checkState(Preconditions.java:585)
at org.openqa.selenium.remote.service.DriverService.checkExecutable(DriverService.java:146)
at org.openqa.selenium.remote.service.DriverService.findExecutable(DriverService.java:141)
at org.openqa.selenium.firefox.GeckoDriverService.access$100(GeckoDriverService.java:44)
at org.openqa.selenium.firefox.GeckoDriverService$Builder.findDefaultExecutable(GeckoDriverService.java:167)
at org.openqa.selenium.remote.service.DriverService$Builder.build(DriverService.java:355)
at org.openqa.selenium.firefox.FirefoxDriver.toExecutor(FirefoxDriver.java:190)
at org.openqa.selenium.firefox.FirefoxDriver.<init>(FirefoxDriver.java:147)
at org.openqa.selenium.firefox.FirefoxDriver.<init>(FirefoxDriver.java:125)
at com.automation.driver.Driver.initDriver(Driver.java:43)
at com.automation.base.BaseTest.setUp(BaseTest.java:18)
at java.util.concurrent.ThreadPoolExecutor.runWorker(ThreadPoolExecutor.java:1149)
at java.util.concurrent.ThreadPoolExecutor$Worker.run(ThreadPoolExecutor.java:624)
at java.lang.Thread.run(Thread.java:748)
... Removed 13 stack frames]]>
    </failure>
  </testcase> <!-- @BeforeMethod setUp -->
  <testcase name="@AfterMethod tearDown" time="0.0" classname="com.automation.base.BaseTest">
    <skipped/>
  </testcase> <!-- @AfterMethod tearDown -->
  <testcase name="amazonTest" time="10.405" classname="com.automation.tests.AmazonDemoTest"/>
  <testcase name="amazonTest" time="8.24" classname="com.automation.tests.AmazonDemoTest"/>
  <testcase name="amazonTest" time="0.0" classname="com.automation.tests.AmazonDemoTest">
    <skipped/>
  </testcase> <!-- amazonTest -->
</testsuite> <!-- Test -->
