<?xml version="1.0" encoding="UTF-8"?>
<testng-results skipped="1" failed="0" ignored="0" total="3" passed="2">
  <reporter-output>
  </reporter-output>
  <suite name="Suite" duration-ms="70321" started-at="2021-04-26T11:57:24Z" finished-at="2021-04-26T11:58:34Z">
    <groups>
    </groups>
    <test name="Test" duration-ms="70321" started-at="2021-04-26T11:57:24Z" finished-at="2021-04-26T11:58:34Z">
      <class name="com.automation.tests.AmazonDemoTest">
        <test-method status="PASS" signature="setUp([Ljava.lang.Object;)[pri:0, instance:com.automation.tests.AmazonDemoTest@553f17c]" name="setUp" is-config="true" duration-ms="37135" started-at="2021-04-26T11:57:25Z" finished-at="2021-04-26T11:58:02Z">
          <params>
            <param index="0">
              <value>
                <![CDATA[[Ljava.lang.Object;@7a67e3c6]]>
              </value>
            </param>
          </params>
          <reporter-output>
          </reporter-output>
        </test-method> <!-- setUp -->
        <test-method status="PASS" signature="amazonTest(java.util.Map)[pri:0, instance:com.automation.tests.AmazonDemoTest@553f17c]" name="amazonTest" duration-ms="10405" started-at="2021-04-26T11:58:02Z" description="To check whether the amazon test is working or not" finished-at="2021-04-26T11:58:13Z">
          <params>
            <param index="0">
              <value>
                <![CDATA[{fname=, password=, browser=chrome, testname=amazonTest, execute=yes, version=79.0.3945.117, menutext=Laptops, username=}]]>
              </value>
            </param>
          </params>
          <reporter-output>
          </reporter-output>
        </test-method> <!-- amazonTest -->
        <test-method status="PASS" signature="tearDown()[pri:0, instance:com.automation.tests.AmazonDemoTest@553f17c]" name="tearDown" is-config="true" duration-ms="1505" started-at="2021-04-26T11:58:13Z" finished-at="2021-04-26T11:58:14Z">
          <reporter-output>
          </reporter-output>
        </test-method> <!-- tearDown -->
        <test-method status="PASS" signature="setUp([Ljava.lang.Object;)[pri:0, instance:com.automation.tests.AmazonDemoTest@553f17c]" name="setUp" is-config="true" duration-ms="9094" started-at="2021-04-26T11:58:14Z" finished-at="2021-04-26T11:58:23Z">
          <params>
            <param index="0">
              <value>
                <![CDATA[[Ljava.lang.Object;@6cc558c6]]>
              </value>
            </param>
          </params>
          <reporter-output>
          </reporter-output>
        </test-method> <!-- setUp -->
        <test-method status="PASS" signature="amazonTest(java.util.Map)[pri:0, instance:com.automation.tests.AmazonDemoTest@553f17c]" name="amazonTest" duration-ms="8240" started-at="2021-04-26T11:58:23Z" description="To check whether the amazon test is working or not" finished-at="2021-04-26T11:58:32Z">
          <params>
            <param index="0">
              <value>
                <![CDATA[{fname=, password=, browser=chrome, testname=amazonTest, execute=yes, version=90.0.4430.85, menutext=Laptops, username=}]]>
              </value>
            </param>
          </params>
          <reporter-output>
          </reporter-output>
        </test-method> <!-- amazonTest -->
        <test-method status="PASS" signature="tearDown()[pri:0, instance:com.automation.tests.AmazonDemoTest@553f17c]" name="tearDown" is-config="true" duration-ms="1969" started-at="2021-04-26T11:58:32Z" finished-at="2021-04-26T11:58:34Z">
          <reporter-output>
          </reporter-output>
        </test-method> <!-- tearDown -->
        <test-method status="FAIL" signature="setUp([Ljava.lang.Object;)[pri:0, instance:com.automation.tests.AmazonDemoTest@553f17c]" name="setUp" is-config="true" duration-ms="188" started-at="2021-04-26T11:58:34Z" finished-at="2021-04-26T11:58:34Z">
          <params>
            <param index="0">
              <value>
                <![CDATA[[Ljava.lang.Object;@793f29ff]]>
              </value>
            </param>
          </params>
          <exception class="java.lang.IllegalStateException">
            <message>
              <![CDATA[The driver executable does not exist: D:\HP_Laptop_Data_BackUp\SeleniumWS\SeleniumWebAutomationFramework\src\test\resources\executables\geckodriver.exe]]>
            </message>
            <full-stacktrace>
                <![CDATA[java.lang.IllegalStateException: The driver executable does not exist: D:\HP_Laptop_Data_BackUp\SeleniumWS\SeleniumWebAutomationFramework\src\test\resources\executables\geckodriver.exe
at com.google.common.base.Preconditions.checkState(Preconditions.java:585)
at org.openqa.selenium.remote.service.DriverService.checkExecutable(DriverService.java:146)
at org.openqa.selenium.remote.service.DriverService.findExecutable(DriverService.java:141)
at org.openqa.selenium.firefox.GeckoDriverService.access$100(GeckoDriverService.java:44)
at org.openqa.selenium.firefox.GeckoDriverService$Builder.findDefaultExecutable(GeckoDriverService.java:167)
at org.openqa.selenium.remote.service.DriverService$Builder.build(DriverService.java:355)
at org.openqa.selenium.firefox.FirefoxDriver.toExecutor(FirefoxDriver.java:190)
at org.openqa.selenium.firefox.FirefoxDriver.<init>(FirefoxDriver.java:147)
at org.openqa.selenium.firefox.FirefoxDriver.<init>(FirefoxDriver.java:125)
at com.automation.driver.Driver.initDriver(Driver.java:43)
at com.automation.base.BaseTest.setUp(BaseTest.java:18)
at sun.reflect.NativeMethodAccessorImpl.invoke0(Native Method)
at sun.reflect.NativeMethodAccessorImpl.invoke(NativeMethodAccessorImpl.java:62)
at sun.reflect.DelegatingMethodAccessorImpl.invoke(DelegatingMethodAccessorImpl.java:43)
at java.lang.reflect.Method.invoke(Method.java:498)
at org.testng.internal.MethodInvocationHelper.invokeMethod(MethodInvocationHelper.java:124)
at org.testng.internal.MethodInvocationHelper.invokeMethodConsideringTimeout(MethodInvocationHelper.java:59)
at org.testng.internal.Invoker.invokeConfigurationMethod(Invoker.java:458)
at org.testng.internal.Invoker.invokeConfigurations(Invoker.java:222)
at org.testng.internal.Invoker.invokeMethod(Invoker.java:523)
at org.testng.internal.Invoker.invokeTestMethod(Invoker.java:719)
at org.testng.internal.Invoker.invokeTestMethods(Invoker.java:989)
at org.testng.internal.TestMethodWorker.invokeTestMethods(TestMethodWorker.java:125)
at org.testng.internal.TestMethodWorker.run(TestMethodWorker.java:109)
at java.util.concurrent.ThreadPoolExecutor.runWorker(ThreadPoolExecutor.java:1149)
at java.util.concurrent.ThreadPoolExecutor$Worker.run(ThreadPoolExecutor.java:624)
at java.lang.Thread.run(Thread.java:748)
]]>
            </full-stacktrace>
          </exception> <!-- java.lang.IllegalStateException -->
          <reporter-output>
          </reporter-output>
        </test-method> <!-- setUp -->
        <test-method status="SKIP" signature="amazonTest(java.util.Map)[pri:0, instance:com.automation.tests.AmazonDemoTest@553f17c]" name="amazonTest" duration-ms="0" started-at="2021-04-26T11:58:34Z" description="To check whether the amazon test is working or not" finished-at="2021-04-26T11:58:34Z">
          <exception class="java.lang.IllegalStateException">
            <message>
              <![CDATA[The driver executable does not exist: D:\HP_Laptop_Data_BackUp\SeleniumWS\SeleniumWebAutomationFramework\src\test\resources\executables\geckodriver.exe]]>
            </message>
            <full-stacktrace>
                <![CDATA[java.lang.IllegalStateException: The driver executable does not exist: D:\HP_Laptop_Data_BackUp\SeleniumWS\SeleniumWebAutomationFramework\src\test\resources\executables\geckodriver.exe
at com.google.common.base.Preconditions.checkState(Preconditions.java:585)
at org.openqa.selenium.remote.service.DriverService.checkExecutable(DriverService.java:146)
at org.openqa.selenium.remote.service.DriverService.findExecutable(DriverService.java:141)
at org.openqa.selenium.firefox.GeckoDriverService.access$100(GeckoDriverService.java:44)
at org.openqa.selenium.firefox.GeckoDriverService$Builder.findDefaultExecutable(GeckoDriverService.java:167)
at org.openqa.selenium.remote.service.DriverService$Builder.build(DriverService.java:355)
at org.openqa.selenium.firefox.FirefoxDriver.toExecutor(FirefoxDriver.java:190)
at org.openqa.selenium.firefox.FirefoxDriver.<init>(FirefoxDriver.java:147)
at org.openqa.selenium.firefox.FirefoxDriver.<init>(FirefoxDriver.java:125)
at com.automation.driver.Driver.initDriver(Driver.java:43)
at com.automation.base.BaseTest.setUp(BaseTest.java:18)
at sun.reflect.NativeMethodAccessorImpl.invoke0(Native Method)
at sun.reflect.NativeMethodAccessorImpl.invoke(NativeMethodAccessorImpl.java:62)
at sun.reflect.DelegatingMethodAccessorImpl.invoke(DelegatingMethodAccessorImpl.java:43)
at java.lang.reflect.Method.invoke(Method.java:498)
at org.testng.internal.MethodInvocationHelper.invokeMethod(MethodInvocationHelper.java:124)
at org.testng.internal.MethodInvocationHelper.invokeMethodConsideringTimeout(MethodInvocationHelper.java:59)
at org.testng.internal.Invoker.invokeConfigurationMethod(Invoker.java:458)
at org.testng.internal.Invoker.invokeConfigurations(Invoker.java:222)
at org.testng.internal.Invoker.invokeMethod(Invoker.java:523)
at org.testng.internal.Invoker.invokeTestMethod(Invoker.java:719)
at org.testng.internal.Invoker.invokeTestMethods(Invoker.java:989)
at org.testng.internal.TestMethodWorker.invokeTestMethods(TestMethodWorker.java:125)
at org.testng.internal.TestMethodWorker.run(TestMethodWorker.java:109)
at java.util.concurrent.ThreadPoolExecutor.runWorker(ThreadPoolExecutor.java:1149)
at java.util.concurrent.ThreadPoolExecutor$Worker.run(ThreadPoolExecutor.java:624)
at java.lang.Thread.run(Thread.java:748)
]]>
            </full-stacktrace>
          </exception> <!-- java.lang.IllegalStateException -->
          <reporter-output>
          </reporter-output>
        </test-method> <!-- amazonTest -->
        <test-method status="SKIP" signature="tearDown()[pri:0, instance:com.automation.tests.AmazonDemoTest@553f17c]" name="tearDown" is-config="true" duration-ms="0" started-at="2021-04-26T11:58:34Z" finished-at="2021-04-26T11:58:34Z">
          <reporter-output>
          </reporter-output>
        </test-method> <!-- tearDown -->
      </class> <!-- com.automation.tests.AmazonDemoTest -->
    </test> <!-- Test -->
  </suite> <!-- Suite -->
</testng-results>
