<?xml version="1.0" encoding="UTF-8"?>
<!-- Generated by org.testng.reporters.JUnitReportReporter -->
<testsuite skipped="1" hostname="MININT-8IR53KS" name="com.automation.tests.AmazonDemoTest" tests="4" failures="0" timestamp="26 Apr 2021 11:58:40 GMT" time="68.536" errors="1">
  <testcase name="setUp" time="39.292" classname="com.automation.tests.AmazonDemoTest">
    <error type="java.lang.IllegalStateException" message="The driver executable does not exist: D:\HP_Laptop_Data_BackUp\SeleniumWS\SeleniumWebAutomationFramework\src\test\resources\executables\geckodriver.exe">
        <![CDATA[java.lang.IllegalStateException: The driver executable does not exist: D:\HP_Laptop_Data_BackUp\SeleniumWS\SeleniumWebAutomationFramework\src\test\resources\executables\geckodriver.exe
at com.google.common.base.Preconditions.checkState(Preconditions.java:585)
at org.openqa.selenium.remote.service.DriverService.checkExecutable(DriverService.java:146)
at org.openqa.selenium.remote.service.DriverService.findExecutable(DriverService.java:141)
at org.openqa.selenium.firefox.GeckoDriverService.access$100(GeckoDriverService.java:44)
at org.openqa.selenium.firefox.GeckoDriverService$Builder.findDefaultExecutable(GeckoDriverService.java:167)
at org.openqa.selenium.remote.service.DriverService$Builder.build(DriverService.java:355)
at org.openqa.selenium.firefox.FirefoxDriver.toExecutor(FirefoxDriver.java:190)
at org.openqa.selenium.firefox.FirefoxDriver.<init>(FirefoxDriver.java:147)
at org.openqa.selenium.firefox.FirefoxDriver.<init>(FirefoxDriver.java:125)
at com.automation.driver.Driver.initDriver(Driver.java:43)
at com.automation.base.BaseTest.setUp(BaseTest.java:18)
at sun.reflect.NativeMethodAccessorImpl.invoke0(Native Method)
at sun.reflect.NativeMethodAccessorImpl.invoke(NativeMethodAccessorImpl.java:62)
at sun.reflect.DelegatingMethodAccessorImpl.invoke(DelegatingMethodAccessorImpl.java:43)
at java.lang.reflect.Method.invoke(Method.java:498)
at org.testng.internal.MethodInvocationHelper.invokeMethod(MethodInvocationHelper.java:124)
at org.testng.internal.MethodInvocationHelper.invokeMethodConsideringTimeout(MethodInvocationHelper.java:59)
at org.testng.internal.Invoker.invokeConfigurationMethod(Invoker.java:458)
at org.testng.internal.Invoker.invokeConfigurations(Invoker.java:222)
at org.testng.internal.Invoker.invokeMethod(Invoker.java:523)
at org.testng.internal.Invoker.invokeTestMethod(Invoker.java:719)
at org.testng.internal.Invoker.invokeTestMethods(Invoker.java:989)
at org.testng.internal.TestMethodWorker.invokeTestMethods(TestMethodWorker.java:125)
at org.testng.internal.TestMethodWorker.run(TestMethodWorker.java:109)
at java.util.concurrent.ThreadPoolExecutor.runWorker(ThreadPoolExecutor.java:1149)
at java.util.concurrent.ThreadPoolExecutor$Worker.run(ThreadPoolExecutor.java:624)
at java.lang.Thread.run(Thread.java:748)
]]>
    </error>
  </testcase> <!-- setUp -->
  <testcase name="amazonTest" time="10.599" classname="com.automation.tests.AmazonDemoTest">
    <skipped/>
  </testcase> <!-- amazonTest -->
  <testcase name="amazonTest" time="10.405" classname="com.automation.tests.AmazonDemoTest"/>
  <testcase name="amazonTest" time="8.240" classname="com.automation.tests.AmazonDemoTest"/>
</testsuite> <!-- com.automation.tests.AmazonDemoTest -->
